<?xml version="1.0" encoding="UTF-8"?>
<testsuite name="ca.gbc.comp3095.apigateway.ApiGatewayApplicationTests" tests="1" skipped="0" failures="0" errors="0" timestamp="2025-12-06T16:13:04.949Z" hostname="DESKTOP-FMQNJ2U" time="2.088">
  <properties/>
  <testcase name="contextLoads()" classname="ca.gbc.comp3095.apigateway.ApiGatewayApplicationTests" time="2.088"/>
  <system-out><![CDATA[11:12:56.197 [Test worker] INFO org.springframework.test.context.support.AnnotationConfigContextLoaderUtils -- Could not detect default configuration classes for test class [ca.gbc.comp3095.apigateway.ApiGatewayApplicationTests]: ApiGatewayApplicationTests does not declare any static, non-private, non-final, nested classes annotated with @Configuration.
11:12:56.321 [Test worker] INFO org.springframework.boot.test.context.SpringBootTestContextBootstrapper -- Found @SpringBootConfiguration ca.gbc.comp3095.apigateway.ApiGatewayApplication for test class ca.gbc.comp3095.apigateway.ApiGatewayApplicationTests

  .   ____          _            __ _ _
 /\\ / ___'_ __ _ _(_)_ __  __ _ \ \ \ \
( ( )\___ | '_ | '_| | '_ \/ _` | \ \ \ \
 \\/  ___)| |_)| | | | | || (_| |  ) ) ) )
  '  |____| .__|_| |_|_| |_\__, | / / / /
 =========|_|==============|___/=/_/_/_/

 :: Spring Boot ::                (v3.5.7)

2025-12-06T11:12:57.118-05:00  INFO 21308 --- [api-gateway] [    Test worker] c.g.c.a.ApiGatewayApplicationTests       : Starting ApiGatewayApplicationTests using Java 17.0.14 with PID 21308 (started by Stylish21 in C:\Users\Stylish21\Desktop\Carlos\StudentWellnessHub_Assignment2_Fixed\microsservices-parent\api-gateway)
2025-12-06T11:12:57.118-05:00  INFO 21308 --- [api-gateway] [    Test worker] c.g.c.a.ApiGatewayApplicationTests       : No active profile set, falling back to 1 default profile: "default"
2025-12-06T11:12:59.488-05:00  INFO 21308 --- [api-gateway] [    Test worker] o.s.cloud.context.scope.GenericScope     : BeanFactory id=e0bc52e9-9c9a-3ad6-94b0-7302cc5cfaff
2025-12-06T11:13:02.155-05:00  INFO 21308 --- [api-gateway] [    Test worker] o.s.b.a.e.web.EndpointLinksResolver      : Exposing 3 endpoints beneath base path '/actuator'
2025-12-06T11:13:02.329-05:00  WARN 21308 --- [api-gateway] [    Test worker] thorizationManagerRequestMatcherRegistry : One of the patterns in [POST, /api/events] is missing a leading slash. This is discouraged; please include the leading slash in all your request matcher patterns. In future versions of Spring Security, leaving out the leading slash will result in an exception.
2025-12-06T11:13:02.329-05:00  WARN 21308 --- [api-gateway] [    Test worker] thorizationManagerRequestMatcherRegistry : One of the patterns in [PUT, /api/events/{id}] is missing a leading slash. This is discouraged; please include the leading slash in all your request matcher patterns. In future versions of Spring Security, leaving out the leading slash will result in an exception.
2025-12-06T11:13:02.329-05:00  WARN 21308 --- [api-gateway] [    Test worker] thorizationManagerRequestMatcherRegistry : One of the patterns in [DELETE, /api/events/{id}] is missing a leading slash. This is discouraged; please include the leading slash in all your request matcher patterns. In future versions of Spring Security, leaving out the leading slash will result in an exception.
2025-12-06T11:13:02.340-05:00  WARN 21308 --- [api-gateway] [    Test worker] thorizationManagerRequestMatcherRegistry : One of the patterns in [PUT, /api/events/{id}/register] is missing a leading slash. This is discouraged; please include the leading slash in all your request matcher patterns. In future versions of Spring Security, leaving out the leading slash will result in an exception.
2025-12-06T11:13:02.343-05:00  WARN 21308 --- [api-gateway] [    Test worker] thorizationManagerRequestMatcherRegistry : One of the patterns in [PUT, /api/events/{id}/unregister] is missing a leading slash. This is discouraged; please include the leading slash in all your request matcher patterns. In future versions of Spring Security, leaving out the leading slash will result in an exception.
2025-12-06T11:13:02.343-05:00  WARN 21308 --- [api-gateway] [    Test worker] thorizationManagerRequestMatcherRegistry : One of the patterns in [GET, /api/events/**] is missing a leading slash. This is discouraged; please include the leading slash in all your request matcher patterns. In future versions of Spring Security, leaving out the leading slash will result in an exception.
2025-12-06T11:13:02.350-05:00  WARN 21308 --- [api-gateway] [    Test worker] thorizationManagerRequestMatcherRegistry : One of the patterns in [POST, /api/resources] is missing a leading slash. This is discouraged; please include the leading slash in all your request matcher patterns. In future versions of Spring Security, leaving out the leading slash will result in an exception.
2025-12-06T11:13:02.350-05:00  WARN 21308 --- [api-gateway] [    Test worker] thorizationManagerRequestMatcherRegistry : One of the patterns in [PUT, /api/resources/{id}] is missing a leading slash. This is discouraged; please include the leading slash in all your request matcher patterns. In future versions of Spring Security, leaving out the leading slash will result in an exception.
2025-12-06T11:13:02.360-05:00  WARN 21308 --- [api-gateway] [    Test worker] thorizationManagerRequestMatcherRegistry : One of the patterns in [DELETE, /api/resources/{id}] is missing a leading slash. This is discouraged; please include the leading slash in all your request matcher patterns. In future versions of Spring Security, leaving out the leading slash will result in an exception.
2025-12-06T11:13:02.364-05:00  WARN 21308 --- [api-gateway] [    Test worker] thorizationManagerRequestMatcherRegistry : One of the patterns in [GET, /api/resources/**] is missing a leading slash. This is discouraged; please include the leading slash in all your request matcher patterns. In future versions of Spring Security, leaving out the leading slash will result in an exception.
2025-12-06T11:13:04.875-05:00  INFO 21308 --- [api-gateway] [    Test worker] c.g.c.a.ApiGatewayApplicationTests       : Started ApiGatewayApplicationTests in 8.248 seconds (process running for 9.742)
]]></system-out>
  <system-err><![CDATA[]]></system-err>
</testsuite>
